
********************************************************
ENERGY FOR WT COMPLEX "sorted_struct" is -13.5178
********************************************************

CONTRIBUTIONS TO THE ENERGY FOR THE WT COMPLEX: 

-----------------------------------------------------------------------------------------------------------------------------------------------------------
            Eatr    Erep    Esol     Eaa    Edun  Eintra   Ehbnd   Epair    Eref    Eh2o  Eh2ohb Eh2osol    score   D_SASA  DSASA_POL  DSASA_APOL SASApack D_BBHB_UNS D_SCHB_UNS D_GU_TOT D_WGU_TOT pdb_name
-----------------------------------------------------------------------------------------------------------------------------------------------------------
DG          -17.2     0.1     5.9    -0.6     0.0     0.0    -0.2     0.0    -0.3     0.0     0.0     0.0   -13.5    1565.4     393.7    1171.8   -0.1695       0.0       0.0       0.0       0.0  sorted_struct
-------------------------------------------------------------------------------------------------------------------------------------------------------------

***********************************
ENERGY FOR MUTANT COMPLEXES
***********************************

CONTRIBUTIONS TO THE ENERGY FOR THE MUT COMPLEXES: 

           Eatr    Erep    Esol     Eaa    Edun  Eintra   Ehbnd   Epair    Eref    Eh2o   Eh2ohb  Eh2osol  score DSASA_POL DSASA_APOL SASApack BBH_UNS SCH_UNS  GU_TOT WGU_TOT dGchn1  dGchn2   mutations
DG        -17.2     0.1     5.9    -0.6     0.0     0.0    -0.2     0.0    -0.3     0.0     0.0     0.0   -13.5     393.7    1171.8   -0.1695     0.0     0.0     0.0     0.0     0.0     0.0    WT
DG        -17.3     0.1     5.6    -0.6     0.0     0.0     0.0     0.0    -0.6     0.0     0.0     0.0   -13.4     352.2    1228.7   -0.2517     0.0     0.0     0.0     0.0     0.0     0.0  435C T>P:
DG        -18.1    11.3     6.1     1.2     0.0     0.0     0.0     0.0    -0.5     0.0     0.0     0.0    -0.7     390.5    1180.7   -0.8664     0.0     0.0     0.0     0.0     0.0     0.0  436C G>P:
DG        -16.3     0.0     5.7    -0.4     0.0     0.0    -0.2     0.0     0.6     0.0     0.0     0.0   -13.4     367.1    1150.4   -0.0950     0.0     0.0     0.0     0.0     0.0     0.0  437C W>P:
DG        -18.1     0.9     5.7    -0.6     0.0     0.0    -0.2     0.0    -0.5     0.0     0.0     0.0   -13.6     391.2    1147.7   -0.6234     0.0     0.0     0.0     0.0     0.0     0.0  438C L>P:
DG        -18.4     4.2     6.0    -0.6     0.0     0.0    -0.2     0.0    -0.2     0.0     0.0     0.0   -10.3     386.1    1169.2   -0.9070     0.0     0.0     0.0     0.0     0.0     0.0  439C A>P:
DG        -19.1     4.0     6.4    -1.0     0.0     0.0    -0.2     0.0    -0.5     0.0     0.0     0.0   -11.0     377.8    1176.3   -1.1770     0.0     0.0     0.0     0.0     0.0     0.0  440C G>P:
DG        -17.1     7.0     5.9    -0.1     0.0     0.0    -0.2     0.0    -0.5     0.0     0.0     0.0    -5.1     394.3    1161.1   -0.1744     0.0     0.0     0.0     0.0     0.0     0.0  441C L>P:
DG        -17.4     0.5     5.9    -0.1     0.0     0.0    -0.2     0.0     0.3     0.0     0.0     0.0   -13.1     393.7    1119.1   -1.0160     0.0     0.0     0.0     0.0     0.0     0.0  442C F>P:
DG        -16.2     1.2     5.6     0.5     0.0     0.0    -0.2     0.0     0.2     0.0     0.0     0.0   -10.5     350.2    1190.5   -1.2849     0.0     0.0     0.0     0.0     0.0     0.0  443C Y>P:
DG        -17.3     0.1     5.7     0.4     0.0     0.0    -0.2     0.0    -1.3     0.0     0.0     0.0   -11.7     316.6    1205.0   -0.6691     0.0     0.0     0.0     0.0     0.0     0.0  444C Q>P:
DG        -16.7     0.1     5.6    -1.3     0.0     0.0    -0.2     0.0     0.2     0.0     0.0     0.0   -14.5     360.8    1169.7   -0.4115     0.0     0.0     0.0     0.0     0.0     0.0  445C H>P:
DG        -17.9     0.8     6.0    -0.6     0.0     0.0    -0.2     0.0    -1.0     0.0     0.0     0.0   -12.7     352.7    1126.5   -0.6559     0.0     0.0     0.0     0.0     0.0     0.0  446C K>P:

******************************************************
CHANGES IN ENERGY FOR MUTANTS
******************************************************

CHANGES IN CONTRIBUTIONS TO THE ENERGY FOR THE MUTANTS: 

            Eatr    Erep    Esol     Eaa    Edun  Eintra   Ehbnd   Epair    Eref    Eh2o   Eh2ohb  Eh2osol   score   SASA_POL SASA_APOL SASApack BBH_UNS SCH_UNS  GU_TOT WGU_TOT ddGchn1 ddGchn2   mutations 
DDG          -0.1     0.0    -0.3     0.0     0.0     0.0     0.2     0.0    -0.3     0.0     0.0     0.0     0.1     -41.5      56.9   -0.0822     0.0     0.0     0.0     0.0     0.0     0.0  435C T>P:
DDG          -0.9    11.3     0.2     1.8     0.0     0.0     0.2     0.0    -0.2     0.0     0.0     0.0    12.8      -3.1       8.9   -0.6969     0.0     0.0     0.0     0.0     0.0     0.0  436C G>P:
DDG           0.9     0.0    -0.1     0.2     0.0     0.0     0.0     0.0     0.9     0.0     0.0     0.0     0.1     -26.6     -21.4    0.0744     0.0     0.0     0.0     0.0     0.0     0.0  437C W>P:
DDG          -0.9     0.9    -0.2     0.0     0.0     0.0     0.0     0.0    -0.1     0.0     0.0     0.0     0.0      -2.5     -24.1   -0.4539     0.0     0.0     0.0     0.0     0.0     0.0  438C L>P:
DDG          -1.2     4.1     0.2     0.0     0.0     0.0     0.0     0.0     0.1     0.0     0.0     0.0     3.2      -7.5      -2.6   -0.7375     0.0     0.0     0.0     0.0     0.0     0.0  439C A>P:
DDG          -1.9     3.9     0.5    -0.4     0.0     0.0     0.0     0.0    -0.2     0.0     0.0     0.0     2.5     -15.8       4.5   -1.0075     0.0     0.0     0.0     0.0     0.0     0.0  440C G>P:
DDG           0.1     7.0     0.0     0.6     0.0     0.0     0.0     0.0    -0.1     0.0     0.0     0.0     8.4       0.6     -10.7   -0.0049     0.0     0.0     0.0     0.0     0.0     0.0  441C L>P:
DDG          -0.2     0.5     0.0     0.6     0.0     0.0     0.0     0.0     0.6     0.0     0.0     0.0     0.4       0.0     -52.7   -0.8465     0.0     0.0     0.0     0.0     0.0     0.0  442C F>P:
DDG           1.0     1.1    -0.3     1.1     0.0     0.0     0.0     0.0     0.5     0.0     0.0     0.0     3.0     -43.4      18.7   -1.1154     0.0     0.0     0.0     0.0     0.0     0.0  443C Y>P:
DDG          -0.1     0.0    -0.2     1.0     0.0     0.0     0.0     0.0    -1.0     0.0     0.0     0.0     1.8     -77.0      33.2   -0.4996     0.0     0.0     0.0     0.0     0.0     0.0  444C Q>P:
DDG           0.5     0.0    -0.3    -0.6     0.0     0.0     0.0     0.0     0.5     0.0     0.0     0.0    -1.0     -32.9      -2.0   -0.2420     0.0     0.0     0.0     0.0     0.0     0.0  445C H>P:
DDG          -0.7     0.7     0.1     0.0     0.0     0.0     0.0     0.0    -0.7     0.0     0.0     0.0     0.8     -40.9     -45.3   -0.4865     0.0     0.0     0.0     0.0     0.0     0.0  446C K>P:
